# JRE version: Java(TM) SE Runtime Environment (8.0_191-b12) (build 1.8.0_191-b12)
# Java VM: Java HotSpot(TM) Client VM (25.191-b12 mixed mode windows-x86 )
Heap:
 def new generation   total 66432K, used 56643K [0x05200000, 0x09a10000, 0x0fca0000)
  eden space 59072K,  90% used [0x05200000, 0x086410e8, 0x08bb0000)
  from space 7360K,  42% used [0x08bb0000, 0x08ebfd40, 0x092e0000)
  to   space 7360K,   0% used [0x092e0000, 0x092e0000, 0x09a10000)
 tenured generation   total 147524K, used 138433K [0x0fca0000, 0x18cb1000, 0x25200000)
   the space 147524K,  93% used [0x0fca0000, 0x183d0688, 0x183d0800, 0x18cb1000)
 Metaspace       used 23856K, capacity 24323K, committed 24448K, reserved 24960K
GC Heap History (10 events):
Event: 2983.965 GC heap before
{Heap before GC invocations=35 (full 4):
 def new generation   total 66432K, used 60413K [0x05200000, 0x09a10000, 0x0fca0000)
  eden space 59072K, 100% used [0x05200000, 0x08bb0000, 0x08bb0000)
  from space 7360K,  18% used [0x092e0000, 0x0942f600, 0x09a10000)
  to   space 7360K,   0% used [0x08bb0000, 0x08bb0000, 0x092e0000)
 tenured generation   total 147524K, used 120388K [0x0fca0000, 0x18cb1000, 0x25200000)
   the space 147524K,  81% used [0x0fca0000, 0x17231210, 0x17231400, 0x18cb1000)
 Metaspace       used 23856K, capacity 24323K, committed 24448K, reserved 24960K
Event: 2983.980 GC heap after
Heap after GC invocations=36 (full 4):
 def new generation   total 66432K, used 2622K [0x05200000, 0x09a10000, 0x0fca0000)
  eden space 59072K,   0% used [0x05200000, 0x05200000, 0x08bb0000)
  from space 7360K,  35% used [0x08bb0000, 0x08e3f990, 0x092e0000)
  to   space 7360K,   0% used [0x092e0000, 0x092e0000, 0x09a10000)
 tenured generation   total 147524K, used 120388K [0x0fca0000, 0x18cb1000, 0x25200000)
   the space 147524K,  81% used [0x0fca0000, 0x17231210, 0x17231400, 0x18cb1000)
 Metaspace       used 23856K, capacity 24323K, committed 24448K, reserved 24960K
}
Event: 3012.935 GC heap before
{Heap before GC invocations=36 (full 4):
 def new generation   total 66432K, used 61694K [0x05200000, 0x09a10000, 0x0fca0000)
  eden space 59072K, 100% used [0x05200000, 0x08bb0000, 0x08bb0000)
  from space 7360K,  35% used [0x08bb0000, 0x08e3f990, 0x092e0000)
  to   space 7360K,   0% used [0x092e0000, 0x092e0000, 0x09a10000)
 tenured generation   total 147524K, used 120388K [0x0fca0000, 0x18cb1000, 0x25200000)
   the space 147524K,  81% used [0x0fca0000, 0x17231210, 0x17231400, 0x18cb1000)
 Metaspace       used 23856K, capacity 24323K, committed 24448K, reserved 24960K
Event: 3012.945 GC heap after
Heap after GC invocations=37 (full 4):
 def new generation   total 66432K, used 3708K [0x05200000, 0x09a10000, 0x0fca0000)
  eden space 59072K,   0% used [0x05200000, 0x05200000, 0x08bb0000)
  from space 7360K,  50% used [0x092e0000, 0x0967f228, 0x09a10000)
  to   space 7360K,   0% used [0x08bb0000, 0x08bb0000, 0x092e0000)
 tenured generation   total 147524K, used 120388K [0x0fca0000, 0x18cb1000, 0x25200000)
   the space 147524K,  81% used [0x0fca0000, 0x17231210, 0x17231400, 0x18cb1000)
 Metaspace       used 23856K, capacity 24323K, committed 24448K, reserved 24960K
}
Event: 3044.552 GC heap before
{Heap before GC invocations=37 (full 4):
 def new generation   total 66432K, used 62780K [0x05200000, 0x09a10000, 0x0fca0000)
  eden space 59072K, 100% used [0x05200000, 0x08bb0000, 0x08bb0000)
  from space 7360K,  50% used [0x092e0000, 0x0967f228, 0x09a10000)
  to   space 7360K,   0% used [0x08bb0000, 0x08bb0000, 0x092e0000)
 tenured generation   total 147524K, used 120388K [0x0fca0000, 0x18cb1000, 0x25200000)
   the space 147524K,  81% used [0x0fca0000, 0x17231210, 0x17231400, 0x18cb1000)
 Metaspace       used 23856K, capacity 24323K, committed 24448K, reserved 24960K
Event: 3044.568 GC heap after
Heap after GC invocations=38 (full 4):
 def new generation   total 66432K, used 7359K [0x05200000, 0x09a10000, 0x0fca0000)
  eden space 59072K,   0% used [0x05200000, 0x05200000, 0x08bb0000)
  from space 7360K,  99% used [0x08bb0000, 0x092dfff8, 0x092e0000)
  to   space 7360K,   0% used [0x092e0000, 0x092e0000, 0x09a10000)
 tenured generation   total 147524K, used 123758K [0x0fca0000, 0x18cb1000, 0x25200000)
   the space 147524K,  83% used [0x0fca0000, 0x1757bba8, 0x1757bc00, 0x18cb1000)
 Metaspace       used 23856K, capacity 24323K, committed 24448K, reserved 24960K
}
Event: 3071.171 GC heap before
{Heap before GC invocations=38 (full 4):
 def new generation   total 66432K, used 66431K [0x05200000, 0x09a10000, 0x0fca0000)
  eden space 59072K, 100% used [0x05200000, 0x08bb0000, 0x08bb0000)
  from space 7360K,  99% used [0x08bb0000, 0x092dfff8, 0x092e0000)
  to   space 7360K,   0% used [0x092e0000, 0x092e0000, 0x09a10000)
 tenured generation   total 147524K, used 123758K [0x0fca0000, 0x18cb1000, 0x25200000)
   the space 147524K,  83% used [0x0fca0000, 0x1757bba8, 0x1757bc00, 0x18cb1000)
 Metaspace       used 23856K, capacity 24323K, committed 24448K, reserved 24960K
Event: 3071.213 GC heap after
Heap after GC invocations=39 (full 4):
 def new generation   total 66432K, used 7316K [0x05200000, 0x09a10000, 0x0fca0000)
  eden space 59072K,   0% used [0x05200000, 0x05200000, 0x08bb0000)
  from space 7360K,  99% used [0x092e0000, 0x09a05120, 0x09a10000)
  to   space 7360K,   0% used [0x08bb0000, 0x08bb0000, 0x092e0000)
 tenured generation   total 147524K, used 131118K [0x0fca0000, 0x18cb1000, 0x25200000)
   the space 147524K,  88% used [0x0fca0000, 0x17cab8e0, 0x17caba00, 0x18cb1000)
 Metaspace       used 23856K, capacity 24323K, committed 24448K, reserved 24960K
}
Event: 3103.450 GC heap before
{Heap before GC invocations=39 (full 4):
 def new generation   total 66432K, used 66388K [0x05200000, 0x09a10000, 0x0fca0000)
  eden space 59072K, 100% used [0x05200000, 0x08bb0000, 0x08bb0000)
  from space 7360K,  99% used [0x092e0000, 0x09a05120, 0x09a10000)
  to   space 7360K,   0% used [0x08bb0000, 0x08bb0000, 0x092e0000)
 tenured generation   total 147524K, used 131118K [0x0fca0000, 0x18cb1000, 0x25200000)
   the space 147524K,  88% used [0x0fca0000, 0x17cab8e0, 0x17caba00, 0x18cb1000)
 Metaspace       used 23856K, capacity 24323K, committed 24448K, reserved 24960K
Event: 3103.463 GC heap after
Heap after GC invocations=40 (full 4):
 def new generation   total 66432K, used 3135K [0x05200000, 0x09a10000, 0x0fca0000)
  eden space 59072K,   0% used [0x05200000, 0x05200000, 0x08bb0000)
  from space 7360K,  42% used [0x08bb0000, 0x08ebfd40, 0x092e0000)
  to   space 7360K,   0% used [0x092e0000, 0x092e0000, 0x09a10000)
 tenured generation   total 147524K, used 138433K [0x0fca0000, 0x18cb1000, 0x25200000)
   the space 147524K,  93% used [0x0fca0000, 0x183d0688, 0x183d0800, 0x18cb1000)
 Metaspace       used 23856K, capacity 24323K, committed 24448K, reserved 24960K
}

